ucliGUI::start /net/marysrock.ece.Virginia.EDU/maryisan/users/hwu6hc/synopsys/work/simv -ucligui 
set ucliGUI::state
set ucliGUI::state
ucliCore::getToolPID
synopsys::env hasTB
trigger_hier_stack_context_switch 0
synUtils::setDVEInitPhase 1
synopsys::dump -type VPD -file /net/marysrock.ece.Virginia.EDU/maryisan/users/hwu6hc/synopsys/work/inter.vpd -locking
synopsys::dump -autoflush on -fid VPD2
set ::dve_fid VPD2
synUtils::setDVEInitPhase 0
ucliCore::getToolPID
synUtils::sendTool -active _icl_setToolSocket /tmp/smlnp8QWvuJ
synUtils::sendTool -active {_icl_start_rpc -version "S-2021.09-SP1-1_Full64" -sync_file /tmp/vcs_dve_rpc.hwu6hc.46414}
synUtils::sendTool -active {_icl_createSharedMemory /tmp/vcs_dve_general.hwu6hc.46414}
config endofsim noexit
config onfail enable all
config ssynopsys::run
set ucliGUI::state
set ucliGUI::state
set ucliGUI::state
set ucliGUI::state
disable
# Begin_DVE_Session_Save_Info
# DVE restart session
# Saved on Mon Jan 27 18:07:31 2025
# Designs open: 1
#   Sim: /net/marysrock.ece.Virginia.EDU/maryisan/users/hwu6hc/synopsys/work/simv
# Toplevel windows open: 2
# 	TopLevel.1
# 	TopLevel.2
#   Schematic.1: jonson_test.xjohnson
#   Schematic.2: jonson_test
#   Source.1:
#   Group count = 0
# End_DVE_Session_Save_Info
# DVE version: S-2021.09-SP1-1_Full64
# DVE build date: Jan 16 2022 21:13:46
#<Session mode="Restart" path=".restartSimSession.tcl" type="Debug">
# Application preferences
#<WindowLayout>
# DVE top-level session
# Create and position top-level window: TopLevel.1
set TopLevel.1 TopLevel.1
# Docked window settings
set HSPane.1 HSPane.1
set Hier.1 Hier.1
set DLPane.1 DLPane.1
set Data.1 Data.1
set Console.1 Console.1
# MDI window settings
set Source.1 Source.1
set Schematic.1 [gui_create_window -type {Schematic}  -parent ${TopLevel.1} -defer_create_taskbar_icon]
set setting [::Misc::Setting::create -array DveSchematicSettings]
Misc::init_window $setting ${Schematic.1}
::Misc::exec_method -window ${Schematic.1} -method captionCmd
set Schematic.2 [gui_create_window -type {Schematic}  -parent ${TopLevel.1} -defer_create_taskbar_icon]
set setting [::Misc::Setting::create -array DveSchematicSettings]
Misc::init_window $setting ${Schematic.2}
::Misc::exec_method -window ${Schematic.2} -method captionCmd
# End MDI window settings
# Create and position top-level window: TopLevel.2
set TopLevel.2 TopLevel.2
# Docked window settings
set HSPane.2 HSPane.2
set Hier.2 Hier.2
set DLPane.2 DLPane.2
set Data.2 Data.2
# MDI window settings
set Console.2 Console.2
# End MDI window settings
#</WindowLayout>
#<Database>
#</Database>
# DVE Global setting session:
# Global: Breakpoints
# Global: Bus
# Global: Expressions
# Global: Signal Time Shift
# Global: Signal Compare
# Global: Signal Groups
# Global: Highlighting
# Global: Stack
# Post database loading setting...
# Save global setting...
# Wave/List view global setting
# Close all empty TopLevel windows
foreach __top [gui_ekki_get_window_ids -type TopLevel] {     if { [llength [gui_ekki_get_window_ids -parent $__top]] == 0} {         gui_close_window -window $__top     } }
# DVE View/pane content session:
# Hier 'Hier.1'
catch {gui_list_expand -id ${Hier.1} jonson_test}
catch {gui_list_select -id ${Hier.1} {jonson_test.xjohnson}}
# Data 'Data.1'
# Source 'Source.1'
# Hier 'Hier.2'
# Data 'Data.2'
# View 'Schematic.1'
# Create schematic window 'Schematic.1'
# View 'Schematic.2'
# Create schematic window 'Schematic.2'
# Restore toplevel window zorder
# The toplevel window could be closed if it has no view/pane
if {[gui_exist_window -window ${TopLevel.1}]} { 	gui_set_active_window -window ${TopLevel.1} 	gui_set_active_window -window ${Source.1} }
if {[gui_exist_window -window ${TopLevel.2}]} { 	gui_set_active_window -window ${TopLevel.2} 	gui_set_active_window -window ${Console.2} 	gui_set_active_window -window ${HSPane.2} }
#</Session>
