18:07:31    340 --> ...                                                              [tcl] ucliGUI::start /net/marysrock.ece.Virginia.EDU/maryisan/users/hwu6hc/synopsys/work/simv -ucligui 
18:07:31    341 --> ...                                                                  [tcl] set ucliGUI::state
18:07:31    342 --> ...                                                                      [tcl] gui_update_simulator_buttons
18:07:32    343 --> ...                                                                          [tcl] set ucliGUI::state
18:07:32    344 --> ...                                                                              [tcl] ucliCore::getToolPID
18:07:32    345 --> ...                                                                                  [tcl] synopsys::env hasTB
18:07:32    346 --> ...                                                                                      [tcl] trigger_hier_stack_context_switch 0
18:07:32    347 --> ...                                                                                          [tcl] synUtils::setDVEInitPhase 1
18:07:32    348 --> ...                                                                                              [tcl] gui_get_env SIMSETUP::SIMVPD
18:07:32    349 --> ...                                                                                                  [tcl] synopsys::dump -type VPD -file /net/marysrock.ece.Virginia.EDU/maryisan/users/hwu6hc/synopsys/work/inter.vpd -locking
18:07:32    350 --> ...  [tcl] synopsys::dump -autoflush on -fid VPD2
18:07:32    351 --> ...      [tcl] set ::dve_fid VPD2
18:07:32    352 --> ...          [tcl] synUtils::setDVEInitPhase 0
18:07:32    353 --> ...              [tcl] ucliCore::getToolPID
18:07:32    354 --> ...                  [tcl] synUtils::sendTool -active _icl_setToolSocket /tmp/smlnp8QWvuJ
18:07:32    355 --> ...                      [tcl] synUtils::sendTool -active {_icl_start_rpc -version "S-2021.09-SP1-1_Full64" -sync_file /tmp/vcs_dve_rpc.hwu6hc.46414}
18:07:33    356 --> ...                          [tcl] synUtils::sendTool -active {_icl_createSharedMemory /tmp/vcs_dve_general.hwu6hc.46414}
18:07:33    357 --> ...                              [tcl] config endofsim noexit
18:07:33    358 --> ...                                  [tcl] config onfail enable all
18:07:33    359 --> ...                                      [tcl] config syscaddplainmembers
18:07:33    360 --> ...                                          [tcl] config syscaddsourcenames
18:07:33    361 --> ...                                              [tcl] config syscaddstructtypes
18:07:33    362 --> ...                                                  [tcl] synopsys::listing -disable
18:07:33    363 --> ...                                                      18:13:15    40 --> ...                                                              [tcl] synopsys::run
18:13:15    41 --> ...                                                                  [tcl] set ucliGUI::state
18:13:15    42 --> ...                                                                      [tcl] gui_update_simulator_buttons
18:13:15    43 --> ...                                                                          [tcl] set ucliGUI::state
18:13:15    44 --> ...                                                                              [tcl] set ucliGUI::state
18:13:15    45 --> ...                                                                                  [tcl] set ucliGUI::state
18:13:15    46 --> ...                                                                                      [tcl] catch {senv activeDomain} dveMisc::result 
18:13:15    47 --> ...                                                                                          [tcl] set dveMisc::result
18:13:15    48 --> ...                                                                                              [tcl] gui_update_simulator_buttons
                                           [tcl] #   Schematic.2: jonson_test
18:07:33    373 --> ...                                                                                              [tcl] #   Source.1:
18:07:33    374 --> ...                                                                                                  [tcl] #   Group count = 0
18:07:33    375 --> ...  [tcl] # End_DVE_Session_Save_Info
18:07:33    376 --> ...      [tcl] # DVE version: S-2021.09-SP1-1_Full64
18:07:33    377 --> ...          [tcl] # DVE build date: Jan 16 2022 21:13:46
18:07:33    378 --> ...              [tcl] #<Session mode="Restart" path=".restartSimSession.tcl" type="Debug">
18:07:33    379 --> ...                  [tcl] gui_set_loading_session_type Restart
18:07:33    380 --> ...                      [tcl] gui_continuetime_set
18:07:33    381 --> ...                          [tcl] gui_clear_window -type Wave
18:07:33    382 --> ...                              [tcl] gui_clear_window -type List
18:07:33    383 --> ...                                  [tcl] # Application preferences
18:07:33    384 --> ...                                      [tcl] gui_set_pref_value -key app_default_font -value {Helvetica,10,-1,5,50,0,0,0,0,0}
18:07:33    385 --> ...                                          [tcl] gui_src_preferences -tabstop 8 -maxbits 24 -windownumber 1
18:07:33    386 --> ...                                              [tcl] #<WindowLayout>
18:07:33    387 --> ...                                                  [tcl] # DVE top-level session
18:07:33    388 --> ...                                                      [tcl] # Create and position top-level window: TopLevel.1
18:07:33    389 --> ...                                                          [tcl] set TopLevel.1 TopLevel.1
18:07:33    390 --> ...                                                              [tcl] # Docked window settings
18:07:33    391 --> ...                                                                  [tcl] set HSPane.1 HSPane.1
18:07:33    392 --> ...                                                                      [tcl] set Hier.1 Hier.1
18:07:33    393 --> ...                                                                          [tcl] set DLPane.1 DLPane.1
18:07:33    394 --> ...                                                                              [tcl] set Data.1 Data.1
18:07:33    395 --> ...                                                                                  [tcl] set Console.1 Console.1
18:07:33    396 --> ...                                                                                      [tcl] gui_sync_global -id ${TopLevel.1} -option true
18:07:33    397 --> ...                                                                                          [tcl] # MDI window settings
18:07:33    398 --> ...                                                                                              [tcl] set Source.1 Source.1
18:07:33    399 --> ...                                                                                                  [tcl] gui_update_layout -id ${Source.1} {{show_state maximized} {dock_state undocked} {dock_on_new_line false}}
18:07:33    400 --> ...  [tcl] gui_use_schematics
18:07:33    401 --> ...      [tcl] set Schematic.1 [gui_create_window -type {Schematic}  -parent ${TopLevel.1} -defer_create_taskbar_icon]
18:07:33    402 --> ...          [tcl] set setting [::Misc::Setting::create -array DveSchematicSettings]
18:07:33    403 --> ...              [tcl] Misc::init_window $setting ${Schematic.1}
18:07:33    404 --> ...                  [tcl] ::Misc::exec_method -window ${Schematic.1} -method captionCmd
18:07:33    405 --> ...                      [tcl] gui_add_icon_to_taskbar -window ${Schematic.1}
18:07:33    406 --> ...                          [tcl] gui_show_window -window ${Schematic.1} -show_state maximized
18:07:33    407 --> ...                              [tcl] gui_update_layout -id ${Schematic.1} {{show_state maximized} {dock_state undocked} {dock_on_new_line false}}
18:07:33    408 --> ...                                  [tcl] set Schematic.2 [gui_create_window -type {Schematic}  -parent ${TopLevel.1} -defer_create_taskbar_icon]
18:07:33    409 --> ...                                      [tcl] set setting [::Misc::Setting::create -array DveSchematicSettings]
18:07:33    410 --> ...                                          [tcl] Misc::init_window $setting ${Schematic.2}
18:07:33    411 --> ...                                              [tcl] ::Misc::exec_method -window ${Schematic.2} -method captionCmd
18:07:33    412 --> ...                                                  [tcl] gui_add_icon_to_taskbar -window ${Schematic.2}
18:07:33    413 --> ...                                                      [tcl] gui_show_window -window ${Schematic.2} -show_state maximized
18:07:33    414 --> ...                                                          [tcl] gui_update_layout -id ${Schematic.2} {{show_state maximized} {dock_state undocked} {dock_on_new_line false}}
18:07:33    415 --> ...                                                              [tcl] # End MDI window settings
18:07:33    416 --> ...                                                                  [tcl] # Create and position top-level window: TopLevel.2
18:07:33    417 --> ...                                                                      [tcl] set TopLevel.2 TopLevel.2
18:07:33    418 --> ...                                                                          [tcl] # Docked window settings
18:07:33    419 --> ...                                                                              [tcl] set HSPane.2 HSPane.2
18:07:33    420 --> ...                                                                                  [tcl] set Hier.2 Hier.2
18:07:33    421 --> ...                                                                                      [tcl] set DLPane.2 DLPane.2
18:07:33    422 --> ...                                                                                          [tcl] set Data.2 Data.2
18:07:33    423 --> ...                                                                                              [tcl] gui_sync_global -id ${TopLevel.2} -option true
18:07:33    424 --> ...                                                                                                  [tcl] # MDI window settings
18:07:33    425 --> ...  [tcl] set Console.2 Console.2
18:07:33    426 --> ...      [tcl] gui_update_layout -id ${Console.2} {{show_state maximized} {dock_state undocked} {dock_on_new_line false}}
18:07:33    427 --> ...          [tcl] # End MDI window settings
18:07:33    428 --> ...              [tcl] #</WindowLayout>
18:07:33    429 --> ...                  [tcl] #<Database>
18:07:33    430 --> ...                      [tcl] gui_set_precision 1s
18:07:33    431 --> ...                          [tcl] gui_set_time_units 1s
18:07:33    432 --> ...                              [tcl] #</Database>
18:07:33    433 --> ...                                  [tcl] # DVE Global setting session:
18:07:33    434 --> ...                                      [tcl] # Global: Breakpoints
18:07:33    435 --> ...                                          [tcl] # Global: Bus
18:07:33    436 --> ...                                              [tcl] # Global: Expressions
18:07:33    437 --> ...                                                  [tcl] # Global: Signal Time Shift
18:07:33    438 --> ...                                                      [tcl] # Global: Signal Compare
18:07:33    439 --> ...                                                          [tcl] # Global: Signal Groups
18:07:33    440 --> ...                                                              [tcl] # Global: Highlighting
18:07:33    441 --> ...                                                                  [tcl] # Global: Stack
18:07:33    442 --> ...                                                                      [tcl] gui_change_stack_mode -mode list
18:07:33    443 --> ...                                                                          [tcl] # Post database loading setting...
18:07:33    444 --> ...                                                                              [tcl] # Save global setting...
18:07:33    445 --> ...                                                                                  [tcl] # Wave/List view global setting
18:07:33    446 --> ...                                                                                      [tcl] gui_list_create_group_when_add -wave -enable
18:07:33    447 --> ...                                                                                          [tcl] gui_cov_show_value -switch false
18:07:33    448 --> ...                                                                                              [tcl] # Close all empty TopLevel windows
18:07:33    449 --> ...                                                                                                  [tcl] foreach __top [gui_ekki_get_window_ids -type TopLevel] {     if { [llength [gui_ekki_get_window_ids -parent $__top]] == 0} {         gui_close_window -window $__top     } }
18:07:33    450 --> ...  [tcl] gui_set_loading_session_type noSession
18:07:33    451 --> ...      [tcl] # DVE View/pane content session:
18:07:33    452 --> ...          [tcl] # Hier 'Hier.1'
18:07:33    453 --> ...              [tcl] gui_show_window -window ${Hier.1}
18:07:33    454 --> ...                  [tcl] gui_list_set_filter -id ${Hier.1} -list { {Package 1} {All 0} {Process 1} {VirtPowSwitch 0} {UnnamedProcess 1} {UDP 0} {Function 1} {Block 1} {SrsnAndSpaCell 0} {OVA Unit 1} {LeafScCell 1} {LeafVlgCell 1} {Interface 1} {LeafVhdCell 1} {$unit 1} {NamedBlock 1} {Task 1} {VlgPackage 1} {ClassDef 1} {VirtIsoCell 0} }
18:07:33    455 --> ...                      [tcl] gui_list_set_filter -id ${Hier.1} -text {*}
18:07:33    456 --> ...                          [tcl] gui_change_design -id ${Hier.1} -design Sim
18:07:33    457 --> ...                              [tcl] catch {gui_list_expand -id ${Hier.1} jonson_test}
18:07:33    458 --> ...                                  [tcl] catch {gui_list_select -id ${Hier.1} {jonson_test.xjohnson}}
18:07:33    459 --> ...                                      [tcl] dveMisc::vbusExpand jonson_test.xjohnson
18:07:33    460 --> ...                                          [tcl] gui_list_descend -id ${Hier.1} -meta jonson_test
18:07:33    461 --> ...                                              [tcl] gui_view_scroll -id ${Hier.1} -vertical -set 0
18:07:33    462 --> ...                                                  [tcl] gui_view_scroll -id ${Hier.1} -horizontal -set 1
18:07:33    463 --> ...                                                      [tcl] # Data 'Data.1'
18:07:33    464 --> ...                                                          [tcl] gui_list_set_filter -id ${Data.1} -list { {Buffer 1} {Input 1} {Others 1} {Linkage 1} {Output 1} {LowPower 1} {Parameter 1} {All 1} {Aggregate 1} {LibBaseMember 1} {Event 1} {Assertion 1} {Constant 1} {Interface 1} {BaseMembers 1} {Signal 1} {$unit 1} {Inout 1} {Variable 1} }
18:07:33    465 --> ...                                                              [tcl] gui_list_set_filter -id ${Data.1} -text {*}
18:07:33    466 --> ...                                                                  [tcl] gui_view_scroll -id ${Data.1} -vertical -set 0
18:07:33    467 --> ...                                                                      [tcl] gui_view_scroll -id ${Data.1} -horizontal -set 0
18:07:33    468 --> ...                                                                          [tcl] gui_view_scroll -id ${Hier.1} -vertical -set 0
18:07:33    469 --> ...                                                                              [tcl] gui_view_scroll -id ${Hier.1} -horizontal -set 1
18:07:33    470 --> ...                                                                                  [tcl] # Source 'Source.1'
18:07:33    471 --> ...                                                                                      [tcl] gui_src_value_annotate -id ${Source.1} -switch false
18:07:33    472 --> ...                                                                                          [tcl] gui_set_env TOGGLE::VALUEANNOTATE 0
18:07:33    473 --> ...                                                                                              [tcl] gui_open_source -id ${Source.1} ../source/mac.v -startline 1 -replace
18:07:33    474 --> ...                                                                                                  [tcl] gui_view_scroll -id ${Source.1} -vertical -set 0
18:07:33    475 --> ...  [tcl] gui_src_set_reusable -id ${Source.1}
18:07:33    476 --> ...      [tcl] # Hier 'Hier.2'
18:07:33    477 --> ...          [tcl] gui_show_window -window ${Hier.2}
18:07:33    478 --> ...              [tcl] gui_list_set_filter -id ${Hier.2} -list { {Package 1} {All 0} {Process 1} {VirtPowSwitch 0} {UnnamedProcess 1} {UDP 0} {Function 1} {Block 1} {SrsnAndSpaCell 0} {OVA Unit 1} {LeafScCell 1} {LeafVlgCell 1} {Interface 1} {LeafVhdCell 1} {$unit 1} {NamedBlock 1} {Task 1} {VlgPackage 1} {ClassDef 1} {VirtIsoCell 0} }
18:07:33    479 --> ...                  [tcl] gui_list_set_filter -id ${Hier.2} -text {*}
18:07:33    480 --> ...                      [tcl] gui_change_design -id ${Hier.2} -design Sim
18:07:34    481 --> ...                          [tcl] gui_view_scroll -id ${Hier.2} -vertical -set 0
18:07:34    482 --> ...                              [tcl] gui_view_scroll -id ${Hier.2} -horizontal -set 0
18:07:34    483 --> ...                                  [tcl] # Data 'Data.2'
18:07:34    484 --> ...                                      [tcl] gui_list_set_filter -id ${Data.2} -list { {Buffer 1} {Input 1} {Others 1} {Linkage 1} {Output 1} {LowPower 1} {Parameter 1} {All 1} {Aggregate 1} {LibBaseMember 1} {Event 1} {Assertion 1} {Constant 1} {Interface 1} {BaseMembers 1} {Signal 1} {$unit 1} {Inout 1} {Variable 1} }
18:07:34    485 --> ...                                          [tcl] gui_list_set_filter -id ${Data.2} -text {*}
18:07:34    486 --> ...                                              [tcl] gui_view_scroll -id ${Data.2} -vertical -set 0
18:07:34    487 --> ...                                                  [tcl] gui_view_scroll -id ${Data.2} -horizontal -set 0
18:07:34    488 --> ...                                                      [tcl] gui_view_scroll -id ${Hier.2} -vertical -set 0
18:07:34    489 --> ...                                                          [tcl] gui_view_scroll -id ${Hier.2} -horizontal -set 0
18:07:34    490 --> ...                                                              [tcl] # View 'Schematic.1'
18:07:34    491 --> ...                                                                  [tcl] gui_use_schematics
18:07:34    492 --> ...                                                                      [tcl] # Create schematic window 'Schematic.1'
18:07:34    493 --> ...                                                                          [tcl] gui_sch_show -window ${Schematic.1} -name jonson_test.xjohnson
18:07:34    494 --> ...                                                                              [tcl] gui_show_pin_value_annotate [gui_window_hier_name -window ${Schematic.1}]
18:07:34    495 --> ...                                                                                  [tcl] gui_zoom -window ${Schematic.1} -rect { {-17066 -14412} {35673 4792} }
18:07:34    496 --> ...                                                                                      [tcl] # View 'Schematic.2'
18:07:34    497 --> ...                                                                                          [tcl] gui_use_schematics
18:07:34    498 --> ...                                                                                              [tcl] # Create schematic window 'Schematic.2'
18:07:34    499 --> ...                                                                                                  [tcl] gui_sch_show -window ${Schematic.2} -name jonson_test
18:07:34    500 --> ...  [tcl] gui_show_pin_value_annotate [gui_window_hier_name -window ${Schematic.2}]
18:07:34    501 --> ...      [tcl] gui_zoom -window ${Schematic.2} -rect { {-16235 -15444} {39002 4669} }
18:07:34    502 --> ...          [tcl] # Restore toplevel window zorder
18:07:34    503 --> ...              [tcl] # The toplevel window could be closed if it has no view/pane
18:07:34    504 --> ...                  [tcl] if {[gui_exist_window -window ${TopLevel.1}]} { 	gui_set_active_window -window ${TopLevel.1} 	gui_set_active_window -window ${Source.1} }
18:07:34    505 --> ...                      [tcl] if {[gui_exist_window -window ${TopLevel.2}]} { 	gui_set_active_window -window ${TopLevel.2} 	gui_set_active_window -window ${Console.2} 	gui_set_active_window -window ${HSPane.2} }
18:07:34    506 --> ...                          [tcl] #</Session>
